# JRE version: OpenJDK Runtime Environment (11.0.10) (build 11.0.10+0-b96-7281165)
# Java VM: OpenJDK 64-Bit Server VM (11.0.10+0-b96-7281165, mixed mode, tiered, compressed oops, g1 gc, bsd-amd64)
Heap:
 garbage-first heap   total 483328K, used 376704K [0x0000000780000000, 0x0000000800000000)
  region size 1024K, 115 young (117760K), 13 survivors (13312K)
 Metaspace       used 173545K, capacity 180095K, committed 180556K, reserved 1206272K
  class space    used 20665K, capacity 22806K, committed 22912K, reserved 1048576K
GC Heap History (20 events):
Event: 1271.422 GC heap after
{Heap after GC invocations=136 (full 0):
 garbage-first heap   total 483328K, used 372506K [0x0000000780000000, 0x0000000800000000)
  region size 1024K, 3 young (3072K), 3 survivors (3072K)
 Metaspace       used 166648K, capacity 172868K, committed 173388K, reserved 1200128K
  class space    used 19992K, capacity 22079K, committed 22144K, reserved 1048576K
}
Event: 1274.190 GC heap before
{Heap before GC invocations=137 (full 0):
 garbage-first heap   total 483328K, used 405274K [0x0000000780000000, 0x0000000800000000)
  region size 1024K, 34 young (34816K), 3 survivors (3072K)
 Metaspace       used 167680K, capacity 173995K, committed 174412K, reserved 1202176K
  class space    used 20145K, capacity 22280K, committed 22400K, reserved 1048576K
}
Event: 1274.216 GC heap after
{Heap after GC invocations=138 (full 0):
 garbage-first heap   total 483328K, used 379625K [0x0000000780000000, 0x0000000800000000)
  region size 1024K, 5 young (5120K), 5 survivors (5120K)
 Metaspace       used 167680K, capacity 173995K, committed 174412K, reserved 1202176K
  class space    used 20145K, capacity 22280K, committed 22400K, reserved 1048576K
}
Event: 1274.550 GC heap before
{Heap before GC invocations=138 (full 0):
 garbage-first heap   total 483328K, used 397033K [0x0000000780000000, 0x0000000800000000)
  region size 1024K, 23 young (23552K), 5 survivors (5120K)
 Metaspace       used 168586K, capacity 174951K, committed 175308K, reserved 1202176K
  class space    used 20260K, capacity 22402K, committed 22528K, reserved 1048576K
}
Event: 1274.588 GC heap after
{Heap after GC invocations=139 (full 0):
 garbage-first heap   total 483328K, used 341363K [0x0000000780000000, 0x0000000800000000)
  region size 1024K, 3 young (3072K), 3 survivors (3072K)
 Metaspace       used 168586K, capacity 174951K, committed 175308K, reserved 1202176K
  class space    used 20260K, capacity 22402K, committed 22528K, reserved 1048576K
}
Event: 1291.039 GC heap before
{Heap before GC invocations=139 (full 0):
 garbage-first heap   total 483328K, used 361843K [0x0000000780000000, 0x0000000800000000)
  region size 1024K, 23 young (23552K), 3 survivors (3072K)
 Metaspace       used 168800K, capacity 175189K, committed 175564K, reserved 1202176K
  class space    used 20280K, capacity 22438K, committed 22528K, reserved 1048576K
}
Event: 1291.129 GC heap after
{Heap after GC invocations=140 (full 0):
 garbage-first heap   total 483328K, used 336387K [0x0000000780000000, 0x0000000800000000)
  region size 1024K, 1 young (1024K), 1 survivors (1024K)
 Metaspace       used 168800K, capacity 175189K, committed 175564K, reserved 1202176K
  class space    used 20280K, capacity 22438K, committed 22528K, reserved 1048576K
}
Event: 1291.879 GC heap before
{Heap before GC invocations=140 (full 0):
 garbage-first heap   total 483328K, used 347651K [0x0000000780000000, 0x0000000800000000)
  region size 1024K, 13 young (13312K), 1 survivors (1024K)
 Metaspace       used 168967K, capacity 175431K, committed 175820K, reserved 1202176K
  class space    used 20301K, capacity 22453K, committed 22528K, reserved 1048576K
}
Event: 1291.906 GC heap after
{Heap after GC invocations=141 (full 0):
 garbage-first heap   total 483328K, used 337942K [0x0000000780000000, 0x0000000800000000)
  region size 1024K, 3 young (3072K), 3 survivors (3072K)
 Metaspace       used 168967K, capacity 175431K, committed 175820K, reserved 1202176K
  class space    used 20301K, capacity 22453K, committed 22528K, reserved 1048576K
}
Event: 1295.263 GC heap before
{Heap before GC invocations=141 (full 0):
 garbage-first heap   total 483328K, used 350230K [0x0000000780000000, 0x0000000800000000)
  region size 1024K, 53 young (54272K), 3 survivors (3072K)
 Metaspace       used 169621K, capacity 175974K, committed 176076K, reserved 1202176K
  class space    used 20357K, capacity 22503K, committed 22528K, reserved 1048576K
}
Event: 1295.312 GC heap after
{Heap after GC invocations=142 (full 0):
 garbage-first heap   total 483328K, used 302212K [0x0000000780000000, 0x0000000800000000)
  region size 1024K, 5 young (5120K), 5 survivors (5120K)
 Metaspace       used 169621K, capacity 175974K, committed 176076K, reserved 1202176K
  class space    used 20357K, capacity 22503K, committed 22528K, reserved 1048576K
}
Event: 1303.952 GC heap before
{Heap before GC invocations=143 (full 0):
 garbage-first heap   total 483328K, used 376964K [0x0000000780000000, 0x0000000800000000)
  region size 1024K, 75 young (76800K), 5 survivors (5120K)
 Metaspace       used 169727K, capacity 176186K, committed 176332K, reserved 1204224K
  class space    used 20360K, capacity 22505K, committed 22528K, reserved 1048576K
}
Event: 1303.984 GC heap after
{Heap after GC invocations=144 (full 0):
 garbage-first heap   total 483328K, used 303705K [0x0000000780000000, 0x0000000800000000)
  region size 1024K, 6 young (6144K), 6 survivors (6144K)
 Metaspace       used 169727K, capacity 176186K, committed 176332K, reserved 1204224K
  class space    used 20360K, capacity 22505K, committed 22528K, reserved 1048576K
}
Event: 1307.621 GC heap before
{Heap before GC invocations=144 (full 0):
 garbage-first heap   total 483328K, used 322137K [0x0000000780000000, 0x0000000800000000)
  region size 1024K, 23 young (23552K), 6 survivors (6144K)
 Metaspace       used 169756K, capacity 176186K, committed 176332K, reserved 1204224K
  class space    used 20360K, capacity 22505K, committed 22528K, reserved 1048576K
}
Event: 1307.681 GC heap after
{Heap after GC invocations=145 (full 0):
 garbage-first heap   total 483328K, used 271071K [0x0000000780000000, 0x0000000800000000)
  region size 1024K, 2 young (2048K), 2 survivors (2048K)
 Metaspace       used 169756K, capacity 176186K, committed 176332K, reserved 1204224K
  class space    used 20360K, capacity 22505K, committed 22528K, reserved 1048576K
}
Event: 1308.039 GC heap before
{Heap before GC invocations=145 (full 0):
 garbage-first heap   total 483328K, used 293599K [0x0000000780000000, 0x0000000800000000)
  region size 1024K, 23 young (23552K), 2 survivors (2048K)
 Metaspace       used 169785K, capacity 176186K, committed 176332K, reserved 1204224K
  class space    used 20360K, capacity 22505K, committed 22528K, reserved 1048576K
}
Event: 1308.109 GC heap after
{Heap after GC invocations=146 (full 0):
 garbage-first heap   total 483328K, used 269436K [0x0000000780000000, 0x0000000800000000)
  region size 1024K, 2 young (2048K), 2 survivors (2048K)
 Metaspace       used 169785K, capacity 176186K, committed 176332K, reserved 1204224K
  class space    used 20360K, capacity 22505K, committed 22528K, reserved 1048576K
}
Event: 1308.138 GC heap before
{Heap before GC invocations=146 (full 0):
 garbage-first heap   total 483328K, used 270460K [0x0000000780000000, 0x0000000800000000)
  region size 1024K, 4 young (4096K), 2 survivors (2048K)
 Metaspace       used 169789K, capacity 176186K, committed 176332K, reserved 1204224K
  class space    used 20360K, capacity 22505K, committed 22528K, reserved 1048576K
}
Event: 1308.153 GC heap after
{Heap after GC invocations=147 (full 0):
 garbage-first heap   total 483328K, used 269188K [0x0000000780000000, 0x0000000800000000)
  region size 1024K, 1 young (1024K), 1 survivors (1024K)
 Metaspace       used 169789K, capacity 176186K, committed 176332K, reserved 1204224K
  class space    used 20360K, capacity 22505K, committed 22528K, reserved 1048576K
}
Event: 1310.711 GC heap before
{Heap before GC invocations=147 (full 0):
 garbage-first heap   total 483328K, used 375684K [0x0000000780000000, 0x0000000800000000)
  region size 1024K, 103 young (105472K), 1 survivors (1024K)
 Metaspace       used 173545K, capacity 180095K, committed 180556K, reserved 1206272K
  class space    used 20665K, capacity 22806K, committed 22912K, reserved 1048576K
}

